#
# A fatal error has been detected by the Java Runtime Environment:
#
#  EXCEPTION_ACCESS_VIOLATION (0xc0000005) at pc=0x000007fef8baeccd, pid=8156, tid=4396
#
# JRE version: Java(TM) SE Runtime Environment (8.0_65-b17) (build 1.8.0_65-b17)
# Java VM: Java HotSpot(TM) 64-Bit Server VM (25.65-b01 mixed mode windows-amd64 compressed oops)
# Problematic frame:
# C  [Jni_Lib.dll+0xeccd]  _output_l+0xccd
#
# Failed to write core dump. Minidumps are not enabled by default on client versions of Windows
#
# If you would like to submit a bug report, please visit:
#   http://bugreport.java.com/bugreport/crash.jsp
# The crash happened outside the Java Virtual Machine in native code.
# See problematic frame for where to report the bug.
#

---------------  T H R E A D  ---------------

Current thread (0x00000000003ce000):  JavaThread "main" [_thread_in_native, id=4396, stack(0x00000000026e0000,0x00000000027e0000)]

siginfo: ExceptionCode=0xc0000005, reading address 0xffffffffffffffff

Registers:
RAX=0xcccccccccccccccc, RBX=0x0000000019c90b78, RCX=0x00000000027df3a8, RDX=0x00000000002f4018
RSP=0x00000000027def70, RBP=0x00000000027df4e8, RSI=0x0000000000000002, RDI=0x00000000027df470
R8 =0x0000000000000000, R9 =0x0000000000000000, R10=0x0000000000000002, R11=0x00000000027d3a90
R12=0x0000000000000000, R13=0x0000000019c90b78, R14=0x00000000027df508, R15=0x00000000003ce000
RIP=0x000007fef8baeccd, EFLAGS=0x0000000000010206

Top of Stack: (sp=0x00000000027def70)
0x00000000027def70:   00000000027df3a8 0000000000000000
0x00000000027def80:   0000000019c90b78 0000000000000000
0x00000000027def90:   00000000027df470 00000000027df4e8
0x00000000027defa0:   0000000019c90b78 000007fef8ba67d0
0x00000000027defb0:   0000000000000073 00000000ffffffff
0x00000000027defc0:   cccccccccccccccc 0000000000000000
0x00000000027defd0:   0000000020656854 0000000100000000
0x00000000027defe0:   7ffffffe00000000 000000006e696562
0x00000000027deff0:   6f68746977206465 0000003200000007
0x00000000027df000:   00000000696e6920 0000002e64657a69
0x00000000027df010:   00000000027df220 0000000000000000
0x00000000027df020:   00000000027df140 000000000000000b
0x00000000027df030:   0000000000000000 0000000000000000
0x00000000027df040:   0000000000000000 00000001027df0b9
0x00000000027df050:   00000007003ce640 00000000003ce800
0x00000000027df060:   00000008003ce000 00000001ffffff00 

Instructions: (pc=0x000007fef8baeccd)
0x000007fef8baecad:   68 01 00 00 8b 44 24 74 ff c8 89 44 24 74 83 bc
0x000007fef8baecbd:   24 68 01 00 00 00 74 24 48 8b 84 24 18 01 00 00
0x000007fef8baeccd:   0f be 00 85 c0 74 15 48 8b 84 24 18 01 00 00 48
0x000007fef8baecdd:   ff c0 48 89 84 24 18 01 00 00 eb bd 48 8b 44 24 


Register to memory mapping:

RAX=0xcccccccccccccccc is an unknown value
RBX={method} {0x0000000019c90b80} 'stringTest' '(Ljava/lang/String;)Ljava/lang/String;' in 'cn/dcs/leef/jni/NativeTool'
RCX=0x00000000027df3a8 is pointing into the stack for thread: 0x00000000003ce000
RDX=0x00000000002f4018 is an unknown value
RSP=0x00000000027def70 is pointing into the stack for thread: 0x00000000003ce000
RBP=0x00000000027df4e8 is pointing into the stack for thread: 0x00000000003ce000
RSI=0x0000000000000002 is an unknown value
RDI=0x00000000027df470 is pointing into the stack for thread: 0x00000000003ce000
R8 =0x0000000000000000 is an unknown value
R9 =0x0000000000000000 is an unknown value
R10=0x0000000000000002 is an unknown value
R11=0x00000000027d3a90 is pointing into the stack for thread: 0x00000000003ce000
R12=0x0000000000000000 is an unknown value
R13={method} {0x0000000019c90b80} 'stringTest' '(Ljava/lang/String;)Ljava/lang/String;' in 'cn/dcs/leef/jni/NativeTool'
R14=0x00000000027df508 is pointing into the stack for thread: 0x00000000003ce000
R15=0x00000000003ce000 is a thread


Stack: [0x00000000026e0000,0x00000000027e0000],  sp=0x00000000027def70,  free space=1019k
Native frames: (J=compiled Java code, j=interpreted, Vv=VM code, C=native code)
C  [Jni_Lib.dll+0xeccd]  _output_l+0xccd
C  [Jni_Lib.dll+0x4d5c]  printf+0x12c
C  [Jni_Lib.dll+0x1747]  Java_cn_dcs_leef_jni_NativeTool_stringTest+0xc7
C  0x00000000027f5e34

Java frames: (J=compiled Java code, j=interpreted, Vv=VM code)
j  cn.dcs.leef.jni.NativeTool.stringTest(Ljava/lang/String;)Ljava/lang/String;+0
j  cn.dcs.leef.main.Main.main([Ljava/lang/String;)V+74
v  ~StubRoutines::call_stub

---------------  P R O C E S S  ---------------

Java Threads: ( => current thread )
  0x000000001b1cd800 JavaThread "Service Thread" daemon [_thread_blocked, id=7748, stack(0x000000001c500000,0x000000001c600000)]
  0x000000001b146000 JavaThread "C1 CompilerThread3" daemon [_thread_blocked, id=7960, stack(0x000000001cca0000,0x000000001cda0000)]
  0x000000001b13d000 JavaThread "C2 CompilerThread2" daemon [_thread_blocked, id=6608, stack(0x000000001cba0000,0x000000001cca0000)]
  0x000000001b136000 JavaThread "C2 CompilerThread1" daemon [_thread_blocked, id=6396, stack(0x000000001c920000,0x000000001ca20000)]
  0x000000001b12d800 JavaThread "C2 CompilerThread0" daemon [_thread_blocked, id=5804, stack(0x000000001ca20000,0x000000001cb20000)]
  0x000000001b12a800 JavaThread "Attach Listener" daemon [_thread_blocked, id=3464, stack(0x000000001c7a0000,0x000000001c8a0000)]
  0x000000001b12a000 JavaThread "Signal Dispatcher" daemon [_thread_blocked, id=8004, stack(0x000000001c600000,0x000000001c700000)]
  0x000000001a27d000 JavaThread "Finalizer" daemon [_thread_blocked, id=7444, stack(0x000000001c3c0000,0x000000001c4c0000)]
  0x000000001a276800 JavaThread "Reference Handler" daemon [_thread_blocked, id=7716, stack(0x000000001c2b0000,0x000000001c3b0000)]
=>0x00000000003ce000 JavaThread "main" [_thread_in_native, id=4396, stack(0x00000000026e0000,0x00000000027e0000)]

Other Threads:
  0x000000001a271800 VMThread [stack: 0x000000001c0d0000,0x000000001c1d0000] [id=6408]
  0x000000001b21b800 WatcherThread [stack: 0x0000000012740000,0x0000000012840000] [id=7796]

VM state:not at safepoint (normal execution)

VM Mutex/Monitor currently owned by a thread: None

Heap:
 PSYoungGen      total 57344K, used 2949K [0x0000000780500000, 0x0000000784500000, 0x00000007c0000000)
  eden space 49152K, 6% used [0x0000000780500000,0x00000007807e1550,0x0000000783500000)
  from space 8192K, 0% used [0x0000000783d00000,0x0000000783d00000,0x0000000784500000)
  to   space 8192K, 0% used [0x0000000783500000,0x0000000783500000,0x0000000783d00000)
 ParOldGen       total 131072K, used 0K [0x0000000700e00000, 0x0000000708e00000, 0x0000000780500000)
  object space 131072K, 0% used [0x0000000700e00000,0x0000000700e00000,0x0000000708e00000)
 Metaspace       used 2585K, capacity 4494K, committed 4864K, reserved 1056768K
  class space    used 287K, capacity 386K, committed 512K, reserved 1048576K

Card table byte_map: [0x0000000011ba0000,0x00000000121a0000] byte_map_base: 0x000000000e399000

Marking Bits: (ParMarkBitMap*) 0x000000005440a5b0
 Begin Bits: [0x0000000013300000, 0x00000000162c8000)
 End Bits:   [0x00000000162c8000, 0x0000000019290000)

Polling page: 0x0000000000220000

CodeCache: size=245760Kb used=1103Kb max_used=1103Kb free=244657Kb
 bounds [0x00000000027e0000, 0x0000000002a50000, 0x00000000117e0000]
 total_blobs=262 nmethods=27 adapters=149
 compilation: enabled

Compilation events (10 events):
Event: 0.065 Thread 0x000000001b146000   23       3       java.lang.AbstractStringBuilder::append (50 bytes)
Event: 0.065 Thread 0x000000001b146000 nmethod 23 0x00000000028f1090 code [0x00000000028f1220, 0x00000000028f1728]
Event: 0.068 Thread 0x000000001b146000   24       3       java.util.Arrays::copyOfRange (63 bytes)
Event: 0.068 Thread 0x000000001b146000 nmethod 24 0x00000000028f1f10 code [0x00000000028f2120, 0x00000000028f2c58]
Event: 0.068 Thread 0x000000001b146000   25       3       java.lang.String::indexOf (7 bytes)
Event: 0.068 Thread 0x000000001b146000 nmethod 25 0x00000000028f3190 code [0x00000000028f3300, 0x00000000028f3508]
Event: 0.069 Thread 0x000000001b146000   26       3       java.lang.System::getSecurityManager (4 bytes)
Event: 0.069 Thread 0x000000001b146000 nmethod 26 0x00000000028f3790 code [0x00000000028f38e0, 0x00000000028f3a30]
Event: 0.069 Thread 0x000000001b146000   27       3       sun.nio.cs.ext.DoubleByte$Encoder::encodeChar (21 bytes)
Event: 0.069 Thread 0x000000001b146000 nmethod 27 0x00000000028f3a90 code [0x00000000028f3c00, 0x00000000028f3db0]

GC Heap History (0 events):
No events

Deoptimization events (0 events):
No events

Internal exceptions (2 events):
Event: 0.033 Thread 0x00000000003ce000 Exception <a 'java/lang/NoSuchMethodError': Method sun.misc.Unsafe.defineClass(Ljava/lang/String;[BII)Ljava/lang/Class; name or signature does not match> (0x0000000780513058) thrown at [C:\workspace\8-2-build-windows-amd64-cygwin\jdk8u65\4987\hotspot\src\s¼ÕÚ~F¡?
Event: 0.033 Thread 0x00000000003ce000 Exception <a 'java/lang/NoSuchMethodError': Method sun.misc.Unsafe.prefetchRead(Ljava/lang/Object;J)V name or signature does not match> (0x0000000780513340) thrown at [C:\workspace\8-2-build-windows-amd64-cygwin\jdk8u65\4987\hotspot\src\share\vm\prims\jni.

Events (10 events):
Event: 0.068 loading class java/lang/Void
Event: 0.068 loading class java/lang/Void done
Event: 0.068 loading class cn/dcs/leef/jni/NativeTool
Event: 0.068 loading class cn/dcs/leef/jni/NativeTool done
Event: 0.068 loading class java/lang/ClassLoaderHelper
Event: 0.068 loading class java/lang/ClassLoaderHelper done
Event: 0.073 loading class cn/dcs/leef/tool/Util
Event: 0.073 loading class cn/dcs/leef/tool/Util done
Event: 0.073 loading class java/io/IOException
Event: 0.073 loading class java/io/IOException done


Dynamic libraries:
0x000000013f850000 - 0x000000013f887000 	C:\Program Files\Java\jre1.8.0_65\bin\javaw.exe
0x00000000778a0000 - 0x0000000077a49000 	C:\Windows\SYSTEM32\ntdll.dll
0x0000000077680000 - 0x00000000777a0000 	C:\Windows\system32\kernel32.dll
0x000007fefd8b0000 - 0x000007fefd91c000 	C:\Windows\system32\KERNELBASE.dll
0x000007feffaa0000 - 0x000007feffb7b000 	C:\Windows\system32\ADVAPI32.dll
0x000007fefebc0000 - 0x000007fefec5f000 	C:\Windows\system32\msvcrt.dll
0x000007fefdbd0000 - 0x000007fefdbef000 	C:\Windows\SYSTEM32\sechost.dll
0x000007fefdaa0000 - 0x000007fefdbcd000 	C:\Windows\system32\RPCRT4.dll
0x00000000777a0000 - 0x000000007789a000 	C:\Windows\system32\USER32.dll
0x000007fefe7b0000 - 0x000007fefe817000 	C:\Windows\system32\GDI32.dll
0x000007fefe3f0000 - 0x000007fefe3fe000 	C:\Windows\system32\LPK.dll
0x000007fefded0000 - 0x000007fefdf9a000 	C:\Windows\system32\USP10.dll
0x000007fefc1d0000 - 0x000007fefc3c4000 	C:\Windows\WinSxS\amd64_microsoft.windows.common-controls_6595b64144ccf1df_6.0.7601.18837_none_fa3b1e3d17594757\COMCTL32.dll
0x000007feffa20000 - 0x000007feffa91000 	C:\Windows\system32\SHLWAPI.dll
0x000007feffb80000 - 0x000007feffbae000 	C:\Windows\system32\IMM32.DLL
0x000007fefdc40000 - 0x000007fefdd49000 	C:\Windows\system32\MSCTF.dll
0x0000000078860000 - 0x0000000078932000 	C:\Program Files\Java\jre1.8.0_65\bin\msvcr100.dll
0x0000000053c00000 - 0x0000000054489000 	C:\Program Files\Java\jre1.8.0_65\bin\server\jvm.dll
0x000007fefaf90000 - 0x000007fefaf99000 	C:\Windows\system32\WSOCK32.dll
0x000007fefdbf0000 - 0x000007fefdc3d000 	C:\Windows\system32\WS2_32.dll
0x000007fefec60000 - 0x000007fefec68000 	C:\Windows\system32\NSI.dll
0x000007fefb260000 - 0x000007fefb29b000 	C:\Windows\system32\WINMM.dll
0x000007fefc6c0000 - 0x000007fefc6cc000 	C:\Windows\system32\VERSION.dll
0x0000000077a60000 - 0x0000000077a67000 	C:\Windows\system32\PSAPI.DLL
0x0000000055850000 - 0x000000005585f000 	C:\Program Files\Java\jre1.8.0_65\bin\verify.dll
0x0000000055820000 - 0x0000000055849000 	C:\Program Files\Java\jre1.8.0_65\bin\java.dll
0x0000000055800000 - 0x0000000055816000 	C:\Program Files\Java\jre1.8.0_65\bin\zip.dll
0x000007fefec90000 - 0x000007feffa19000 	C:\Windows\system32\SHELL32.dll
0x000007fefe820000 - 0x000007fefea23000 	C:\Windows\system32\ole32.dll
0x000007fefd640000 - 0x000007fefd64f000 	C:\Windows\system32\profapi.dll
0x000007fef8ba0000 - 0x000007fef8c36000 	D:\public\JNIDemo\JNIDemoEclipse\Jni_Lib.dll
0x000007fef8b50000 - 0x000007fef8b94000 	C:\Program Files (x86)\Microsoft Visual Studio 11.0\VC\bin\amd64\MSPDB110.DLL
0x000007feecb10000 - 0x000007feecbde000 	C:\Windows\system32\MSVCR110.dll
0x000007fefd480000 - 0x000007fefd4d7000 	C:\Windows\system32\apphelp.dll
0x000007fefbff0000 - 0x000007fefc046000 	C:\Windows\system32\uxtheme.dll
0x000007fefc790000 - 0x000007fefc7a8000 	C:\Windows\system32\dwmapi.dll
0x000007fefd4e0000 - 0x000007fefd4ef000 	C:\Windows\system32\CRYPTBASE.dll
0x000007fefddf0000 - 0x000007fefdec7000 	C:\Windows\system32\OLEAUT32.DLL
0x000007fef9a80000 - 0x000007fef9ba5000 	C:\Windows\system32\dbghelp.dll

VM Arguments:
jvm_args: -Dfile.encoding=GBK 
java_command: cn.dcs.leef.main.Main
java_class_path (initial): D:\public\JNIDemo\JNIDemoEclipse\bin
Launcher Type: SUN_STANDARD

Environment Variables:
PATH=C:/Program Files/Java/jre1.8.0_65/bin/server;C:/Program Files/Java/jre1.8.0_65/bin;C:/Program Files/Java/jre1.8.0_65/lib/amd64;C:\ProgramData\Oracle\Java\javapath;C:\Windows\system32;C:\Windows;C:\Windows\System32\Wbem;C:\Windows\System32\WindowsPowerShell\v1.0\;C:\Program Files\Git\cmd;C:\Program Files\Microsoft\Web Platform Installer\;C:\Program Files (x86)\Microsoft ASP.NET\ASP.NET Web Pages\v1.0\;C:\Program Files (x86)\Windows Kits\8.0\Windows Performance Toolkit\;C:\Program Files\Microsoft SQL Server\110\Tools\Binn\;D:\andr\adt_win\sdk\platform-tools;C:\Program Files\TortoiseSVN\bin;C:\Program Files\Java\jdk1.8.0_65\bin;C:\Program Files\nodejs\;C:\Users\iof\AppData\Roaming\npm;D:\install\eclipse;
USERNAME=iof
OS=Windows_NT
PROCESSOR_IDENTIFIER=Intel64 Family 6 Model 60 Stepping 3, GenuineIntel



---------------  S Y S T E M  ---------------

OS: Windows 7 , 64 bit Build 7601 (6.1.7601.19045)

CPU:total 8 (4 cores per cpu, 2 threads per core) family 6 model 60 stepping 3, cmov, cx8, fxsr, mmx, sse, sse2, sse3, ssse3, sse4.1, sse4.2, popcnt, avx, avx2, aes, clmul, erms, rtm, lzcnt, ht, tsc, tscinvbit, bmi1, bmi2

Memory: 4k page, physical 12523756k(7606556k free), swap 25045676k(19021368k free)

vm_info: Java HotSpot(TM) 64-Bit Server VM (25.65-b01) for windows-amd64 JRE (1.8.0_65-b17), built on Oct  6 2015 16:39:20 by "java_re" with MS VC++ 10.0 (VS2010)

time: Mon Jan 04 14:25:56 2016
elapsed time: 2 seconds (0d 0h 0m 2s)

