#
# A fatal error has been detected by the Java Runtime Environment:
#
#  EXCEPTION_ACCESS_VIOLATION (0xc0000005) at pc=0x000007fef2e69a1d, pid=10176, tid=8852
#
# JRE version: Java(TM) SE Runtime Environment (8.0_65-b17) (build 1.8.0_65-b17)
# Java VM: Java HotSpot(TM) 64-Bit Server VM (25.65-b01 mixed mode windows-amd64 compressed oops)
# Problematic frame:
# C  [Jni_Lib.dll+0x9a1d]  _output_l+0xccd
#
# Failed to write core dump. Minidumps are not enabled by default on client versions of Windows
#
# If you would like to submit a bug report, please visit:
#   http://bugreport.java.com/bugreport/crash.jsp
# The crash happened outside the Java Virtual Machine in native code.
# See problematic frame for where to report the bug.
#

---------------  T H R E A D  ---------------

Current thread (0x00000000025de000):  JavaThread "main" [_thread_in_native, id=8852, stack(0x00000000028e0000,0x00000000029e0000)]

siginfo: ExceptionCode=0xc0000005, reading address 0xffffffffffffffff

Registers:
RAX=0xcccccccccccccccc, RBX=0x0000000019d00bf0, RCX=0x00000000029df468, RDX=0x0000000000354018
RSP=0x00000000029df030, RBP=0x00000000029df590, RSI=0x0000000000000118, RDI=0x00000000029df510
R8 =0x0000000000000000, R9 =0x0000000000000000, R10=0x0000000000000002, R11=0x00000000029d3b50
R12=0x0000000000000000, R13=0x0000000019d00bf0, R14=0x00000000029df5b0, R15=0x00000000025de000
RIP=0x000007fef2e69a1d, EFLAGS=0x0000000000010206

Top of Stack: (sp=0x00000000029df030)
0x00000000029df030:   00000000029df468 0000000000000000
0x00000000029df040:   0000000019d00bf0 0000000000000000
0x00000000029df050:   00000000029df510 00000000029df590
0x00000000029df060:   0000000019d00bf0 000007fef2e665a0
0x00000000029df070:   00000000029df373 00000000ffffffff
0x00000000029df080:   cccccccccccccccc 0000000000000000
0x00000000029df090:   0000000020656854 0000000100000000
0x00000000029df0a0:   7ffffffe00000000 000000006e696562
0x00000000029df0b0:   6f68746977206465 0000003200000007
0x00000000029df0c0:   00000000696e6920 0000002e64657a69
0x00000000029df0d0:   00000000024978d0 0000000000000000
0x00000000029df0e0:   00000000002c8c30 00000000025de7f0
0x00000000029df0f0:   0000000000000000 0000000000000000
0x00000000029df100:   00000000000000d8 00000001029df838
0x00000000029df110:   00000007779b1440 0000000000000000
0x00000000029df120:   0000000800000050 00000001002c0000 

Instructions: (pc=0x000007fef2e69a1d)
0x000007fef2e699fd:   68 01 00 00 8b 44 24 74 ff c8 89 44 24 74 83 bc
0x000007fef2e69a0d:   24 68 01 00 00 00 74 24 48 8b 84 24 18 01 00 00
0x000007fef2e69a1d:   0f be 00 85 c0 74 15 48 8b 84 24 18 01 00 00 48
0x000007fef2e69a2d:   ff c0 48 89 84 24 18 01 00 00 eb bd 48 8b 44 24 


Register to memory mapping:

RAX=0xcccccccccccccccc is an unknown value
RBX={method} {0x0000000019d00bf8} 'stringTest' '(Ljava/lang/String;)Ljava/lang/String;' in 'cn/dcs/leef/jni/NativeTool'
RCX=0x00000000029df468 is pointing into the stack for thread: 0x00000000025de000
RDX=0x0000000000354018 is an unknown value
RSP=0x00000000029df030 is pointing into the stack for thread: 0x00000000025de000
RBP=0x00000000029df590 is pointing into the stack for thread: 0x00000000025de000
RSI=0x0000000000000118 is an unknown value
RDI=0x00000000029df510 is pointing into the stack for thread: 0x00000000025de000
R8 =0x0000000000000000 is an unknown value
R9 =0x0000000000000000 is an unknown value
R10=0x0000000000000002 is an unknown value
R11=0x00000000029d3b50 is pointing into the stack for thread: 0x00000000025de000
R12=0x0000000000000000 is an unknown value
R13={method} {0x0000000019d00bf8} 'stringTest' '(Ljava/lang/String;)Ljava/lang/String;' in 'cn/dcs/leef/jni/NativeTool'
R14=0x00000000029df5b0 is pointing into the stack for thread: 0x00000000025de000
R15=0x00000000025de000 is a thread


Stack: [0x00000000028e0000,0x00000000029e0000],  sp=0x00000000029df030,  free space=1020k
Native frames: (J=compiled Java code, j=interpreted, Vv=VM code, C=native code)
C  [Jni_Lib.dll+0x9a1d]  _output_l+0xccd
C  [Jni_Lib.dll+0x4b2c]  printf+0x12c
C  [Jni_Lib.dll+0x16f8]  Java_cn_dcs_leef_jni_NativeTool_stringTest+0x88
C  0x00000000029f5e34

Java frames: (J=compiled Java code, j=interpreted, Vv=VM code)
j  cn.dcs.leef.jni.NativeTool.stringTest(Ljava/lang/String;)Ljava/lang/String;+0
j  cn.dcs.leef.main.Main.main([Ljava/lang/String;)V+83
v  ~StubRoutines::call_stub

---------------  P R O C E S S  ---------------

Java Threads: ( => current thread )
  0x000000001b34a000 JavaThread "Service Thread" daemon [_thread_blocked, id=6152, stack(0x000000001cc90000,0x000000001cd90000)]
  0x000000001b2c4000 JavaThread "C1 CompilerThread3" daemon [_thread_blocked, id=9984, stack(0x000000001cdd0000,0x000000001ced0000)]
  0x000000001b2bb000 JavaThread "C2 CompilerThread2" daemon [_thread_blocked, id=6332, stack(0x000000001c1b0000,0x000000001c2b0000)]
  0x000000001b2b4000 JavaThread "C2 CompilerThread1" daemon [_thread_blocked, id=9940, stack(0x000000001ca20000,0x000000001cb20000)]
  0x000000001b2ab800 JavaThread "C2 CompilerThread0" daemon [_thread_blocked, id=2068, stack(0x000000001cb50000,0x000000001cc50000)]
  0x000000001b2a8800 JavaThread "Attach Listener" daemon [_thread_blocked, id=10144, stack(0x000000001c430000,0x000000001c530000)]
  0x000000001b2a8000 JavaThread "Signal Dispatcher" daemon [_thread_blocked, id=8744, stack(0x000000001c8c0000,0x000000001c9c0000)]
  0x000000001a2ed000 JavaThread "Finalizer" daemon [_thread_blocked, id=7376, stack(0x000000001c6f0000,0x000000001c7f0000)]
  0x000000001a2e6800 JavaThread "Reference Handler" daemon [_thread_blocked, id=7860, stack(0x000000001c540000,0x000000001c640000)]
=>0x00000000025de000 JavaThread "main" [_thread_in_native, id=8852, stack(0x00000000028e0000,0x00000000029e0000)]

Other Threads:
  0x000000001a2e1800 VMThread [stack: 0x000000001c2d0000,0x000000001c3d0000] [id=9636]
  0x000000001b37b000 WatcherThread [stack: 0x000000001ced0000,0x000000001cfd0000] [id=6164]

VM state:not at safepoint (normal execution)

VM Mutex/Monitor currently owned by a thread: None

Heap:
 PSYoungGen      total 57344K, used 2949K [0x0000000780500000, 0x0000000784500000, 0x00000007c0000000)
  eden space 49152K, 6% used [0x0000000780500000,0x00000007807e1550,0x0000000783500000)
  from space 8192K, 0% used [0x0000000783d00000,0x0000000783d00000,0x0000000784500000)
  to   space 8192K, 0% used [0x0000000783500000,0x0000000783500000,0x0000000783d00000)
 ParOldGen       total 131072K, used 0K [0x0000000700e00000, 0x0000000708e00000, 0x0000000780500000)
  object space 131072K, 0% used [0x0000000700e00000,0x0000000700e00000,0x0000000708e00000)
 Metaspace       used 2597K, capacity 4494K, committed 4864K, reserved 1056768K
  class space    used 289K, capacity 386K, committed 512K, reserved 1048576K

Card table byte_map: [0x0000000011da0000,0x00000000123a0000] byte_map_base: 0x000000000e599000

Marking Bits: (ParMarkBitMap*) 0x000000005440a5b0
 Begin Bits: [0x0000000013370000, 0x0000000016338000)
 End Bits:   [0x0000000016338000, 0x0000000019300000)

Polling page: 0x0000000000130000

CodeCache: size=245760Kb used=1108Kb max_used=1129Kb free=244651Kb
 bounds [0x00000000029e0000, 0x0000000002c50000, 0x00000000119e0000]
 total_blobs=267 nmethods=32 adapters=149
 compilation: enabled

Compilation events (10 events):
Event: 0.067 Thread 0x000000001b2c4000   28       3       java.lang.System::getSecurityManager (4 bytes)
Event: 0.067 Thread 0x000000001b2c4000 nmethod 28 0x0000000002af4790 code [0x0000000002af48e0, 0x0000000002af4a30]
Event: 0.067 Thread 0x000000001b2c4000   29       3       sun.nio.cs.ext.DoubleByte$Encoder::encodeChar (21 bytes)
Event: 0.067 Thread 0x000000001b2c4000 nmethod 29 0x0000000002af4a90 code [0x0000000002af4c00, 0x0000000002af4db0]
Event: 6.411 Thread 0x000000001b2b4000   30       4       sun.misc.ASCIICaseInsensitiveComparator::toLower (16 bytes)
Event: 6.411 Thread 0x000000001b2bb000   31       4       sun.misc.ASCIICaseInsensitiveComparator::isUpper (18 bytes)
Event: 6.412 Thread 0x000000001b2bb000 nmethod 31 0x0000000002afa7d0 code [0x0000000002afa900, 0x0000000002afa958]
Event: 6.412 Thread 0x000000001b2b4000 nmethod 30 0x0000000002af6210 code [0x0000000002af6340, 0x0000000002af6398]
Event: 6.416 Thread 0x000000001b2c4000   32       3       java.lang.String::toCharArray (25 bytes)
Event: 6.416 Thread 0x000000001b2c4000 nmethod 32 0x0000000002af5d50 code [0x0000000002af5ec0, 0x0000000002af6148]

GC Heap History (0 events):
No events

Deoptimization events (0 events):
No events

Internal exceptions (2 events):
Event: 0.028 Thread 0x00000000025de000 Exception <a 'java/lang/NoSuchMethodError': Method sun.misc.Unsafe.defineClass(Ljava/lang/String;[BII)Ljava/lang/Class; name or signature does not match> (0x0000000780513058) thrown at [C:\workspace\8-2-build-windows-amd64-cygwin\jdk8u65\4987\hotspot\src\sTÙ«ù?
Event: 0.028 Thread 0x00000000025de000 Exception <a 'java/lang/NoSuchMethodError': Method sun.misc.Unsafe.prefetchRead(Ljava/lang/Object;J)V name or signature does not match> (0x0000000780513340) thrown at [C:\workspace\8-2-build-windows-amd64-cygwin\jdk8u65\4987\hotspot\src\share\vm\prims\jni.

Events (10 events):
Event: 0.071 loading class java/io/UnsupportedEncodingException
Event: 0.071 loading class java/io/IOException
Event: 0.071 loading class java/io/IOException done
Event: 0.071 loading class java/io/UnsupportedEncodingException done
Event: 0.071 loading class java/util/concurrent/ConcurrentHashMap$ForwardingNode
Event: 0.071 loading class java/util/concurrent/ConcurrentHashMap$ForwardingNode done
Event: 4.154 Executing VM operation: EnableBiasedLocking
Event: 4.154 Executing VM operation: EnableBiasedLocking done
Event: 6.411 loading class sun/nio/cs/ext/EUC_CN
Event: 6.411 loading class sun/nio/cs/ext/EUC_CN done


Dynamic libraries:
0x000000013f8a0000 - 0x000000013f8d7000 	C:\Program Files\Java\jre1.8.0_65\bin\javaw.exe
0x00000000778a0000 - 0x0000000077a49000 	C:\Windows\SYSTEM32\ntdll.dll
0x0000000077680000 - 0x00000000777a0000 	C:\Windows\system32\kernel32.dll
0x000007fefd8b0000 - 0x000007fefd91c000 	C:\Windows\system32\KERNELBASE.dll
0x000007feffaa0000 - 0x000007feffb7b000 	C:\Windows\system32\ADVAPI32.dll
0x000007fefebc0000 - 0x000007fefec5f000 	C:\Windows\system32\msvcrt.dll
0x000007fefdbd0000 - 0x000007fefdbef000 	C:\Windows\SYSTEM32\sechost.dll
0x000007fefdaa0000 - 0x000007fefdbcd000 	C:\Windows\system32\RPCRT4.dll
0x00000000777a0000 - 0x000000007789a000 	C:\Windows\system32\USER32.dll
0x000007fefe7b0000 - 0x000007fefe817000 	C:\Windows\system32\GDI32.dll
0x000007fefe3f0000 - 0x000007fefe3fe000 	C:\Windows\system32\LPK.dll
0x000007fefded0000 - 0x000007fefdf9a000 	C:\Windows\system32\USP10.dll
0x000007fefc1d0000 - 0x000007fefc3c4000 	C:\Windows\WinSxS\amd64_microsoft.windows.common-controls_6595b64144ccf1df_6.0.7601.18837_none_fa3b1e3d17594757\COMCTL32.dll
0x000007feffa20000 - 0x000007feffa91000 	C:\Windows\system32\SHLWAPI.dll
0x000007feffb80000 - 0x000007feffbae000 	C:\Windows\system32\IMM32.DLL
0x000007fefdc40000 - 0x000007fefdd49000 	C:\Windows\system32\MSCTF.dll
0x0000000078cd0000 - 0x0000000078da2000 	C:\Program Files\Java\jre1.8.0_65\bin\msvcr100.dll
0x0000000053c00000 - 0x0000000054489000 	C:\Program Files\Java\jre1.8.0_65\bin\server\jvm.dll
0x000007fefaf90000 - 0x000007fefaf99000 	C:\Windows\system32\WSOCK32.dll
0x000007fefdbf0000 - 0x000007fefdc3d000 	C:\Windows\system32\WS2_32.dll
0x000007fefec60000 - 0x000007fefec68000 	C:\Windows\system32\NSI.dll
0x000007fefb260000 - 0x000007fefb29b000 	C:\Windows\system32\WINMM.dll
0x000007fefc6c0000 - 0x000007fefc6cc000 	C:\Windows\system32\VERSION.dll
0x0000000077a60000 - 0x0000000077a67000 	C:\Windows\system32\PSAPI.DLL
0x0000000055850000 - 0x000000005585f000 	C:\Program Files\Java\jre1.8.0_65\bin\verify.dll
0x0000000055820000 - 0x0000000055849000 	C:\Program Files\Java\jre1.8.0_65\bin\java.dll
0x0000000055800000 - 0x0000000055816000 	C:\Program Files\Java\jre1.8.0_65\bin\zip.dll
0x000007fefec90000 - 0x000007feffa19000 	C:\Windows\system32\SHELL32.dll
0x000007fefe820000 - 0x000007fefea23000 	C:\Windows\system32\ole32.dll
0x000007fefd640000 - 0x000007fefd64f000 	C:\Windows\system32\profapi.dll
0x000007fef2e60000 - 0x000007fef2ef6000 	D:\public\JNIDemo\JNIDemoEclipse\Jni_Lib.dll
0x000007fef29c0000 - 0x000007fef2a04000 	C:\Program Files (x86)\Microsoft Visual Studio 11.0\VC\bin\amd64\MSPDB110.DLL
0x000007feecb10000 - 0x000007feecbde000 	C:\Windows\system32\MSVCR110.dll
0x000007fefbff0000 - 0x000007fefc046000 	C:\Windows\system32\uxtheme.dll
0x000007fefc790000 - 0x000007fefc7a8000 	C:\Windows\system32\dwmapi.dll
0x000007fefd4e0000 - 0x000007fefd4ef000 	C:\Windows\system32\CRYPTBASE.dll
0x000007fefddf0000 - 0x000007fefdec7000 	C:\Windows\system32\OLEAUT32.DLL
0x000007fef9a80000 - 0x000007fef9ba5000 	C:\Windows\system32\dbghelp.dll

VM Arguments:
jvm_args: -Dfile.encoding=GBK 
java_command: cn.dcs.leef.main.Main
java_class_path (initial): D:\public\JNIDemo\JNIDemoEclipse\bin
Launcher Type: SUN_STANDARD

Environment Variables:
PATH=C:/Program Files/Java/jre1.8.0_65/bin/server;C:/Program Files/Java/jre1.8.0_65/bin;C:/Program Files/Java/jre1.8.0_65/lib/amd64;C:\ProgramData\Oracle\Java\javapath;C:\Windows\system32;C:\Windows;C:\Windows\System32\Wbem;C:\Windows\System32\WindowsPowerShell\v1.0\;C:\Program Files\Git\cmd;C:\Program Files\Microsoft\Web Platform Installer\;C:\Program Files (x86)\Microsoft ASP.NET\ASP.NET Web Pages\v1.0\;C:\Program Files (x86)\Windows Kits\8.0\Windows Performance Toolkit\;C:\Program Files\Microsoft SQL Server\110\Tools\Binn\;D:\andr\adt_win\sdk\platform-tools;C:\Program Files\TortoiseSVN\bin;C:\Program Files\Java\jdk1.8.0_65\bin;C:\Program Files\nodejs\;C:\Users\iof\AppData\Roaming\npm;D:\install\eclipse;
USERNAME=iof
OS=Windows_NT
PROCESSOR_IDENTIFIER=Intel64 Family 6 Model 60 Stepping 3, GenuineIntel



---------------  S Y S T E M  ---------------

OS: Windows 7 , 64 bit Build 7601 (6.1.7601.19045)

CPU:total 8 (4 cores per cpu, 2 threads per core) family 6 model 60 stepping 3, cmov, cx8, fxsr, mmx, sse, sse2, sse3, ssse3, sse4.1, sse4.2, popcnt, avx, avx2, aes, clmul, erms, rtm, lzcnt, ht, tsc, tscinvbit, bmi1, bmi2

Memory: 4k page, physical 12523756k(7562436k free), swap 25045676k(19160108k free)

vm_info: Java HotSpot(TM) 64-Bit Server VM (25.65-b01) for windows-amd64 JRE (1.8.0_65-b17), built on Oct  6 2015 16:39:20 by "java_re" with MS VC++ 10.0 (VS2010)

time: Mon Jan 04 16:40:46 2016
elapsed time: 6 seconds (0d 0h 0m 6s)

