#
# A fatal error has been detected by the Java Runtime Environment:
#
#  EXCEPTION_ACCESS_VIOLATION (0xc0000005) at pc=0x000007fef8b7eb5d, pid=6908, tid=9420
#
# JRE version: Java(TM) SE Runtime Environment (8.0_65-b17) (build 1.8.0_65-b17)
# Java VM: Java HotSpot(TM) 64-Bit Server VM (25.65-b01 mixed mode windows-amd64 compressed oops)
# Problematic frame:
# C  [Jni_Lib.dll+0xeb5d]  _output_l+0xccd
#
# Failed to write core dump. Minidumps are not enabled by default on client versions of Windows
#
# If you would like to submit a bug report, please visit:
#   http://bugreport.java.com/bugreport/crash.jsp
# The crash happened outside the Java Virtual Machine in native code.
# See problematic frame for where to report the bug.
#

---------------  T H R E A D  ---------------

Current thread (0x000000000251e000):  JavaThread "main" [_thread_in_native, id=9420, stack(0x0000000002580000,0x0000000002680000)]

siginfo: ExceptionCode=0xc0000005, reading address 0xffffffffffffffff

Registers:
RAX=0xcccccccccccccccc, RBX=0x0000000019c00bf0, RCX=0x000000000267f0d8, RDX=0x0000000000104018
RSP=0x000000000267eca0, RBP=0x000000000267f210, RSI=0x0000000000000118, RDI=0x000000000267f190
R8 =0x0000000000000000, R9 =0x0000000000000000, R10=0x0000000000000002, R11=0x00000000026737c0
R12=0x0000000000000000, R13=0x0000000019c00bf0, R14=0x000000000267f230, R15=0x000000000251e000
RIP=0x000007fef8b7eb5d, EFLAGS=0x0000000000010206

Top of Stack: (sp=0x000000000267eca0)
0x000000000267eca0:   000000000267f0d8 0000000000000000
0x000000000267ecb0:   0000000019c00bf0 0000000000000000
0x000000000267ecc0:   000000000267f190 000000000267f210
0x000000000267ecd0:   0000000019c00bf0 000007fef8b766a0
0x000000000267ece0:   000000000267f073 00000000ffffffff
0x000000000267ecf0:   cccccccccccccccc 0000000000000000
0x000000000267ed00:   0000000020656854 0000000100000000
0x000000000267ed10:   7ffffffe00000000 000000006e696562
0x000000000267ed20:   6f68746977206465 0000003200000007
0x000000000267ed30:   00000000696e6920 0000002e64657a69
0x000000000267ed40:   000000000267ee60 0000000000000000
0x000000000267ed50:   0000000000078c30 000000000251e7f0
0x000000000267ed60:   0000000000000000 0000000000000000
0x000000000267ed70:   00000000000000d8 000000010267f4b8
0x000000000267ed80:   00000007779b1440 0000000000000000
0x000000000267ed90:   0000000800000050 0000000100070000 

Instructions: (pc=0x000007fef8b7eb5d)
0x000007fef8b7eb3d:   68 01 00 00 8b 44 24 74 ff c8 89 44 24 74 83 bc
0x000007fef8b7eb4d:   24 68 01 00 00 00 74 24 48 8b 84 24 18 01 00 00
0x000007fef8b7eb5d:   0f be 00 85 c0 74 15 48 8b 84 24 18 01 00 00 48
0x000007fef8b7eb6d:   ff c0 48 89 84 24 18 01 00 00 eb bd 48 8b 44 24 


Register to memory mapping:

RAX=0xcccccccccccccccc is an unknown value
RBX={method} {0x0000000019c00bf8} 'stringTest' '(Ljava/lang/String;)Ljava/lang/String;' in 'cn/dcs/leef/jni/NativeTool'
RCX=0x000000000267f0d8 is pointing into the stack for thread: 0x000000000251e000
RDX=0x0000000000104018 is an unknown value
RSP=0x000000000267eca0 is pointing into the stack for thread: 0x000000000251e000
RBP=0x000000000267f210 is pointing into the stack for thread: 0x000000000251e000
RSI=0x0000000000000118 is an unknown value
RDI=0x000000000267f190 is pointing into the stack for thread: 0x000000000251e000
R8 =0x0000000000000000 is an unknown value
R9 =0x0000000000000000 is an unknown value
R10=0x0000000000000002 is an unknown value
R11=0x00000000026737c0 is pointing into the stack for thread: 0x000000000251e000
R12=0x0000000000000000 is an unknown value
R13={method} {0x0000000019c00bf8} 'stringTest' '(Ljava/lang/String;)Ljava/lang/String;' in 'cn/dcs/leef/jni/NativeTool'
R14=0x000000000267f230 is pointing into the stack for thread: 0x000000000251e000
R15=0x000000000251e000 is a thread


Stack: [0x0000000002580000,0x0000000002680000],  sp=0x000000000267eca0,  free space=1019k
Native frames: (J=compiled Java code, j=interpreted, Vv=VM code, C=native code)
C  [Jni_Lib.dll+0xeb5d]  _output_l+0xccd
C  [Jni_Lib.dll+0x4c2c]  printf+0x12c
C  [Jni_Lib.dll+0x16fe]  Java_cn_dcs_leef_jni_NativeTool_stringTest+0x8e
C  0x0000000002765e34

Java frames: (J=compiled Java code, j=interpreted, Vv=VM code)
j  cn.dcs.leef.jni.NativeTool.stringTest(Ljava/lang/String;)Ljava/lang/String;+0
j  cn.dcs.leef.main.Main.main([Ljava/lang/String;)V+83
v  ~StubRoutines::call_stub

---------------  P R O C E S S  ---------------

Java Threads: ( => current thread )
  0x000000001b369000 JavaThread "Service Thread" daemon [_thread_blocked, id=5320, stack(0x000000001d010000,0x000000001d110000)]
  0x000000001b307800 JavaThread "C1 CompilerThread3" daemon [_thread_blocked, id=4452, stack(0x000000001cd90000,0x000000001ce90000)]
  0x000000001b2f6800 JavaThread "C2 CompilerThread2" daemon [_thread_blocked, id=3552, stack(0x000000001cbf0000,0x000000001ccf0000)]
  0x000000001b2d6000 JavaThread "C2 CompilerThread1" daemon [_thread_blocked, id=9964, stack(0x000000001caa0000,0x000000001cba0000)]
  0x000000001b2b9800 JavaThread "C2 CompilerThread0" daemon [_thread_blocked, id=9544, stack(0x000000001c7c0000,0x000000001c8c0000)]
  0x000000001b2b6800 JavaThread "Attach Listener" daemon [_thread_blocked, id=9852, stack(0x000000001c8f0000,0x000000001c9f0000)]
  0x000000001b2b6000 JavaThread "Signal Dispatcher" daemon [_thread_blocked, id=6164, stack(0x000000001c500000,0x000000001c600000)]
  0x000000001a1ea800 JavaThread "Finalizer" daemon [_thread_blocked, id=6152, stack(0x000000001c640000,0x000000001c740000)]
  0x000000001b253800 JavaThread "Reference Handler" daemon [_thread_blocked, id=9984, stack(0x000000001c250000,0x000000001c350000)]
=>0x000000000251e000 JavaThread "main" [_thread_in_native, id=9420, stack(0x0000000002580000,0x0000000002680000)]

Other Threads:
  0x000000001b252000 VMThread [stack: 0x000000001c360000,0x000000001c460000] [id=6332]
  0x000000001b3cc000 WatcherThread [stack: 0x000000001d150000,0x000000001d250000] [id=8504]

VM state:not at safepoint (normal execution)

VM Mutex/Monitor currently owned by a thread: None

Heap:
 PSYoungGen      total 57344K, used 2949K [0x0000000780500000, 0x0000000784500000, 0x00000007c0000000)
  eden space 49152K, 6% used [0x0000000780500000,0x00000007807e1550,0x0000000783500000)
  from space 8192K, 0% used [0x0000000783d00000,0x0000000783d00000,0x0000000784500000)
  to   space 8192K, 0% used [0x0000000783500000,0x0000000783500000,0x0000000783d00000)
 ParOldGen       total 131072K, used 0K [0x0000000700e00000, 0x0000000708e00000, 0x0000000780500000)
  object space 131072K, 0% used [0x0000000700e00000,0x0000000700e00000,0x0000000708e00000)
 Metaspace       used 2597K, capacity 4494K, committed 4864K, reserved 1056768K
  class space    used 289K, capacity 386K, committed 512K, reserved 1048576K

Card table byte_map: [0x0000000011b10000,0x0000000012110000] byte_map_base: 0x000000000e309000

Marking Bits: (ParMarkBitMap*) 0x000000005440a5b0
 Begin Bits: [0x0000000013270000, 0x0000000016238000)
 End Bits:   [0x0000000016238000, 0x0000000019200000)

Polling page: 0x0000000000320000

CodeCache: size=245760Kb used=1108Kb max_used=1129Kb free=244651Kb
 bounds [0x0000000002750000, 0x00000000029c0000, 0x0000000011750000]
 total_blobs=267 nmethods=32 adapters=149
 compilation: enabled

Compilation events (10 events):
Event: 0.083 Thread 0x000000001b307800   28       3       java.lang.System::getSecurityManager (4 bytes)
Event: 0.083 Thread 0x000000001b307800 nmethod 28 0x0000000002864550 code [0x00000000028646a0, 0x00000000028647f0]
Event: 0.083 Thread 0x000000001b307800   29       3       sun.nio.cs.ext.DoubleByte$Encoder::encodeChar (21 bytes)
Event: 0.083 Thread 0x000000001b307800 nmethod 29 0x0000000002864850 code [0x00000000028649c0, 0x0000000002864b70]
Event: 1.564 Thread 0x000000001b2f6800   30       4       sun.misc.ASCIICaseInsensitiveComparator::toLower (16 bytes)
Event: 1.564 Thread 0x000000001b2d6000   31       4       sun.misc.ASCIICaseInsensitiveComparator::isUpper (18 bytes)
Event: 1.565 Thread 0x000000001b2d6000 nmethod 31 0x000000000286a590 code [0x000000000286a6c0, 0x000000000286a718]
Event: 1.565 Thread 0x000000001b2f6800 nmethod 30 0x0000000002865fd0 code [0x0000000002866100, 0x0000000002866158]
Event: 1.566 Thread 0x000000001b307800   32       3       java.lang.String::toCharArray (25 bytes)
Event: 1.566 Thread 0x000000001b307800 nmethod 32 0x0000000002865b10 code [0x0000000002865c80, 0x0000000002865f08]

GC Heap History (0 events):
No events

Deoptimization events (0 events):
No events

Internal exceptions (2 events):
Event: 0.046 Thread 0x000000000251e000 Exception <a 'java/lang/NoSuchMethodError': Method sun.misc.Unsafe.defineClass(Ljava/lang/String;[BII)Ljava/lang/Class; name or signature does not match> (0x0000000780513058) thrown at [C:\workspace\8-2-build-windows-amd64-cygwin\jdk8u65\4987\hotspot\src\sGËYøëR§?
Event: 0.046 Thread 0x000000000251e000 Exception <a 'java/lang/NoSuchMethodError': Method sun.misc.Unsafe.prefetchRead(Ljava/lang/Object;J)V name or signature does not match> (0x0000000780513340) thrown at [C:\workspace\8-2-build-windows-amd64-cygwin\jdk8u65\4987\hotspot\src\share\vm\prims\jni.

Events (10 events):
Event: 0.086 loading class cn/dcs/leef/tool/Util
Event: 0.086 loading class cn/dcs/leef/tool/Util done
Event: 0.087 loading class java/io/UnsupportedEncodingException
Event: 0.087 loading class java/io/IOException
Event: 0.087 loading class java/io/IOException done
Event: 0.087 loading class java/io/UnsupportedEncodingException done
Event: 0.087 loading class java/util/concurrent/ConcurrentHashMap$ForwardingNode
Event: 0.087 loading class java/util/concurrent/ConcurrentHashMap$ForwardingNode done
Event: 1.564 loading class sun/nio/cs/ext/EUC_CN
Event: 1.564 loading class sun/nio/cs/ext/EUC_CN done


Dynamic libraries:
0x000000013f290000 - 0x000000013f2c7000 	C:\Program Files\Java\jre1.8.0_65\bin\javaw.exe
0x00000000778a0000 - 0x0000000077a49000 	C:\Windows\SYSTEM32\ntdll.dll
0x0000000077680000 - 0x00000000777a0000 	C:\Windows\system32\kernel32.dll
0x000007fefd8b0000 - 0x000007fefd91c000 	C:\Windows\system32\KERNELBASE.dll
0x000007feffaa0000 - 0x000007feffb7b000 	C:\Windows\system32\ADVAPI32.dll
0x000007fefebc0000 - 0x000007fefec5f000 	C:\Windows\system32\msvcrt.dll
0x000007fefdbd0000 - 0x000007fefdbef000 	C:\Windows\SYSTEM32\sechost.dll
0x000007fefdaa0000 - 0x000007fefdbcd000 	C:\Windows\system32\RPCRT4.dll
0x00000000777a0000 - 0x000000007789a000 	C:\Windows\system32\USER32.dll
0x000007fefe7b0000 - 0x000007fefe817000 	C:\Windows\system32\GDI32.dll
0x000007fefe3f0000 - 0x000007fefe3fe000 	C:\Windows\system32\LPK.dll
0x000007fefded0000 - 0x000007fefdf9a000 	C:\Windows\system32\USP10.dll
0x000007fefc1d0000 - 0x000007fefc3c4000 	C:\Windows\WinSxS\amd64_microsoft.windows.common-controls_6595b64144ccf1df_6.0.7601.18837_none_fa3b1e3d17594757\COMCTL32.dll
0x000007feffa20000 - 0x000007feffa91000 	C:\Windows\system32\SHLWAPI.dll
0x000007feffb80000 - 0x000007feffbae000 	C:\Windows\system32\IMM32.DLL
0x000007fefdc40000 - 0x000007fefdd49000 	C:\Windows\system32\MSCTF.dll
0x0000000079110000 - 0x00000000791e2000 	C:\Program Files\Java\jre1.8.0_65\bin\msvcr100.dll
0x0000000053c00000 - 0x0000000054489000 	C:\Program Files\Java\jre1.8.0_65\bin\server\jvm.dll
0x000007fefaf90000 - 0x000007fefaf99000 	C:\Windows\system32\WSOCK32.dll
0x000007fefdbf0000 - 0x000007fefdc3d000 	C:\Windows\system32\WS2_32.dll
0x000007fefec60000 - 0x000007fefec68000 	C:\Windows\system32\NSI.dll
0x000007fefb260000 - 0x000007fefb29b000 	C:\Windows\system32\WINMM.dll
0x000007fefc6c0000 - 0x000007fefc6cc000 	C:\Windows\system32\VERSION.dll
0x0000000077a60000 - 0x0000000077a67000 	C:\Windows\system32\PSAPI.DLL
0x0000000055850000 - 0x000000005585f000 	C:\Program Files\Java\jre1.8.0_65\bin\verify.dll
0x0000000055820000 - 0x0000000055849000 	C:\Program Files\Java\jre1.8.0_65\bin\java.dll
0x0000000055800000 - 0x0000000055816000 	C:\Program Files\Java\jre1.8.0_65\bin\zip.dll
0x000007fefec90000 - 0x000007feffa19000 	C:\Windows\system32\SHELL32.dll
0x000007fefe820000 - 0x000007fefea23000 	C:\Windows\system32\ole32.dll
0x000007fefd640000 - 0x000007fefd64f000 	C:\Windows\system32\profapi.dll
0x000007fef8b70000 - 0x000007fef8c06000 	D:\public\JNIDemo\JNIDemoEclipse\Jni_Lib.dll
0x000007fef3580000 - 0x000007fef35c4000 	C:\Program Files (x86)\Microsoft Visual Studio 11.0\VC\bin\amd64\MSPDB110.DLL
0x000007feecb10000 - 0x000007feecbde000 	C:\Windows\system32\MSVCR110.dll
0x000007fefd480000 - 0x000007fefd4d7000 	C:\Windows\system32\apphelp.dll
0x000007fefbff0000 - 0x000007fefc046000 	C:\Windows\system32\uxtheme.dll
0x000007fefc790000 - 0x000007fefc7a8000 	C:\Windows\system32\dwmapi.dll
0x000007fefd4e0000 - 0x000007fefd4ef000 	C:\Windows\system32\CRYPTBASE.dll
0x000007fefddf0000 - 0x000007fefdec7000 	C:\Windows\system32\OLEAUT32.DLL
0x000007fef9a80000 - 0x000007fef9ba5000 	C:\Windows\system32\dbghelp.dll

VM Arguments:
jvm_args: -Dfile.encoding=GBK 
java_command: cn.dcs.leef.main.Main
java_class_path (initial): D:\public\JNIDemo\JNIDemoEclipse\bin
Launcher Type: SUN_STANDARD

Environment Variables:
PATH=C:/Program Files/Java/jre1.8.0_65/bin/server;C:/Program Files/Java/jre1.8.0_65/bin;C:/Program Files/Java/jre1.8.0_65/lib/amd64;C:\ProgramData\Oracle\Java\javapath;C:\Windows\system32;C:\Windows;C:\Windows\System32\Wbem;C:\Windows\System32\WindowsPowerShell\v1.0\;C:\Program Files\Git\cmd;C:\Program Files\Microsoft\Web Platform Installer\;C:\Program Files (x86)\Microsoft ASP.NET\ASP.NET Web Pages\v1.0\;C:\Program Files (x86)\Windows Kits\8.0\Windows Performance Toolkit\;C:\Program Files\Microsoft SQL Server\110\Tools\Binn\;D:\andr\adt_win\sdk\platform-tools;C:\Program Files\TortoiseSVN\bin;C:\Program Files\Java\jdk1.8.0_65\bin;C:\Program Files\nodejs\;C:\Users\iof\AppData\Roaming\npm;D:\install\eclipse;
USERNAME=iof
OS=Windows_NT
PROCESSOR_IDENTIFIER=Intel64 Family 6 Model 60 Stepping 3, GenuineIntel



---------------  S Y S T E M  ---------------

OS: Windows 7 , 64 bit Build 7601 (6.1.7601.19045)

CPU:total 8 (4 cores per cpu, 2 threads per core) family 6 model 60 stepping 3, cmov, cx8, fxsr, mmx, sse, sse2, sse3, ssse3, sse4.1, sse4.2, popcnt, avx, avx2, aes, clmul, erms, rtm, lzcnt, ht, tsc, tscinvbit, bmi1, bmi2

Memory: 4k page, physical 12523756k(7547408k free), swap 25045676k(19165488k free)

vm_info: Java HotSpot(TM) 64-Bit Server VM (25.65-b01) for windows-amd64 JRE (1.8.0_65-b17), built on Oct  6 2015 16:39:20 by "java_re" with MS VC++ 10.0 (VS2010)

time: Mon Jan 04 16:39:04 2016
elapsed time: 1 seconds (0d 0h 0m 1s)

