F:\PUBLIC\JNIDEMO\JNI_LIB\JNI_LIB\X64\DEBUG\CN_DCS_LEEF_JNI_NATIVETOOL.OBJ
F:\PUBLIC\JNIDEMO\JNI_LIB\JNI_LIB\X64\DEBUG\JNIUTILS.OBJ
F:\PUBLIC\JNIDEMO\JNI_LIB\JNI_LIB\X64\DEBUG\JNIUTILS_DEL.OBJ
F:\PUBLIC\JNIDEMO\JNI_LIB\JNI_LIB\X64\DEBUG\VC110.PDB
F:\public\JNIDemo\Jni_Lib\x64\Debug\Jni_Lib.lib
F:\public\JNIDemo\Jni_Lib\x64\Debug\Jni_Lib.exp
F:\PUBLIC\JNIDEMO\JNI_LIB\X64\DEBUG\JNI_LIB.ILK
F:\PUBLIC\JNIDEMO\JNI_LIB\X64\DEBUG\JNI_LIB.DLL
F:\PUBLIC\JNIDEMO\JNI_LIB\X64\DEBUG\JNI_LIB.PDB
F:\public\JNIDemo\Jni_Lib\Jni_Lib\x64\Debug\cn_dcs_leef_jni_NativeTool.obj
F:\public\JNIDemo\Jni_Lib\Jni_Lib\x64\Debug\JniUtils.obj
F:\public\JNIDemo\Jni_Lib\Jni_Lib\x64\Debug\JniUtils_Del.obj
F:\public\JNIDemo\Jni_Lib\Jni_Lib\x64\Debug\cl.command.1.tlog
F:\public\JNIDemo\Jni_Lib\Jni_Lib\x64\Debug\CL.read.1.tlog
F:\public\JNIDemo\Jni_Lib\Jni_Lib\x64\Debug\CL.write.1.tlog
F:\public\JNIDemo\Jni_Lib\Jni_Lib\x64\Debug\Jni_Lib.write.1.tlog
F:\public\JNIDemo\Jni_Lib\Jni_Lib\x64\Debug\link-cvtres.read.1.tlog
F:\public\JNIDemo\Jni_Lib\Jni_Lib\x64\Debug\link-cvtres.write.1.tlog
F:\public\JNIDemo\Jni_Lib\Jni_Lib\x64\Debug\link-mt.read.1.tlog
F:\public\JNIDemo\Jni_Lib\Jni_Lib\x64\Debug\link-mt.write.1.tlog
F:\public\JNIDemo\Jni_Lib\Jni_Lib\x64\Debug\link-rc.read.1.tlog
F:\public\JNIDemo\Jni_Lib\Jni_Lib\x64\Debug\link-rc.write.1.tlog
F:\public\JNIDemo\Jni_Lib\Jni_Lib\x64\Debug\link.command.1.tlog
F:\public\JNIDemo\Jni_Lib\Jni_Lib\x64\Debug\link.read.1.tlog
F:\public\JNIDemo\Jni_Lib\Jni_Lib\x64\Debug\link.write.1.tlog
F:\public\JNIDemo\Jni_Lib\Jni_Lib\x64\Debug\vc110.idb
F:\public\JNIDemo\Jni_Lib\Jni_Lib\x64\Debug\vc110.pdb
F:\public\JNIDemo\Jni_Lib\x64\Debug\Jni_Lib.pdb
F:\public\JNIDemo\Jni_Lib\x64\Debug\Jni_Lib.dll
F:\public\JNIDemo\Jni_Lib\x64\Debug\Jni_Lib.ilk
